Handling deprecation for dfs.namenode.delegation.key.update-interval
Handling deprecation for hadoop.rpc.protection
Handling deprecation for fs.permissions.umask-mode
Handling deprecation for fs.s3.sleepTimeSeconds
Handling deprecation for ha.health-monitor.rpc-timeout.ms
Handling deprecation for hadoop.http.staticuser.user
Handling deprecation for fs.AbstractFileSystem.viewfs.impl
Handling deprecation for fs.ftp.host
Handling deprecation for yarn.nodemanager.linux-container-executor.nonsecure-mode.local-user
Handling deprecation for hadoop.http.authentication.kerberos.keytab
Handling deprecation for dfs.namenode.fs-limits.max-blocks-per-file
Handling deprecation for mapreduce.tasktracker.http.threads
Handling deprecation for mapreduce.tasktracker.dns.nameserver
Handling deprecation for dfs.client.block.write.replace-datanode-on-failure.enable
Handling deprecation for io.compression.codec.bzip2.library
Handling deprecation for mapreduce.map.skip.maxrecords
Handling deprecation for dfs.client.use.legacy.blockreader.local
Handling deprecation for dfs.namenode.checkpoint.dir
Handling deprecation for mapreduce.job.speculative.slownodethreshold
Handling deprecation for mapreduce.job.maxtaskfailures.per.tracker
Handling deprecation for net.topology.node.switch.mapping.impl
Handling deprecation for mapreduce.shuffle.max.connections
Handling deprecation for mapreduce.jobhistory.loadedjobs.cache.size
Handling deprecation for yarn.client.application-client-protocol.poll-interval-ms
Handling deprecation for yarn.nodemanager.localizer.address
Handling deprecation for dfs.namenode.list.cache.pools.num.responses
Handling deprecation for nfs.server.port
Handling deprecation for mapreduce.client.output.filter
Handling deprecation for ha.zookeeper.parent-znode
Handling deprecation for mapreduce.jobtracker.persist.jobstatus.hours
Handling deprecation for yarn.nodemanager.resource.cpu-vcores
Handling deprecation for mapreduce.jobhistory.http.policy
Handling deprecation for yarn.resourcemanager.webapp.delegation-token-auth-filter.enabled
Handling deprecation for s3native.stream-buffer-size
Handling deprecation for io.seqfile.local.dir
Handling deprecation for yarn.log-aggregation.retain-check-interval-seconds
Handling deprecation for fs.s3n.multipart.copy.block.size
Handling deprecation for dfs.datanode.sync.behind.writes
Handling deprecation for yarn.resourcemanager.zk-acl
Handling deprecation for hadoop.ssl.keystores.factory.class
Handling deprecation for mapreduce.job.split.metainfo.maxsize
Handling deprecation for fs.s3.maxRetries
Handling deprecation for dfs.namenode.stale.datanode.interval
Handling deprecation for mapreduce.task.io.sort.mb
Handling deprecation for yarn.resourcemanager.zk-state-store.parent-path
Handling deprecation for yarn.app.mapreduce.client-am.ipc.max-retries
Handling deprecation for fs.client.resolve.remote.symlinks
Handling deprecation for mapreduce.reduce.cpu.vcores
Handling deprecation for yarn.client.failover-retries
Handling deprecation for mapreduce.jobhistory.address
Handling deprecation for hadoop.ssl.enabled
Handling deprecation for dfs.replication.max
Handling deprecation for dfs.namenode.name.dir
Handling deprecation for dfs.datanode.https.address
Handling deprecation for ipc.client.kill.max
Handling deprecation for mapreduce.job.committer.setup.cleanup.needed
Handling deprecation for dfs.client.domain.socket.data.traffic
Handling deprecation for yarn.nodemanager.localizer.cache.target-size-mb
Handling deprecation for yarn.resourcemanager.admin.client.thread-count
Handling deprecation for dfs.block.access.token.enable
Handling deprecation for dfs.datanode.address
Handling deprecation for mapreduce.jobtracker.restart.recover
Handling deprecation for ipc.client.connect.max.retries
Handling deprecation for yarn.timeline-service.store-class
Handling deprecation for dfs.short.circuit.shared.memory.watcher.interrupt.check.ms
Handling deprecation for hadoop.tmp.dir
Handling deprecation for dfs.datanode.handler.count
Handling deprecation for yarn.resourcemanager.ha.automatic-failover.embedded
Handling deprecation for yarn.timeline-service.ttl-ms
Handling deprecation for mapreduce.task.profile.map.params
Handling deprecation for yarn.resourcemanager.nodemanagers.heartbeat-interval-ms
Handling deprecation for mapreduce.map.speculative
Handling deprecation for mapreduce.job.map.class
Handling deprecation for yarn.nodemanager.recovery.dir
Handling deprecation for mapreduce.job.counters.max
Handling deprecation for yarn.resourcemanager.keytab
Handling deprecation for dfs.namenode.max.extra.edits.segments.retained
Handling deprecation for dfs.webhdfs.user.provider.user.pattern
Handling deprecation for dfs.client.mmap.enabled
Handling deprecation for mapreduce.map.log.level
Handling deprecation for dfs.client.file-block-storage-locations.timeout.millis
Handling deprecation for yarn.app.mapreduce.am.scheduler.heartbeat.interval-ms
Handling deprecation for hadoop.fuse.timer.period
Handling deprecation for fs.trash.checkpoint.interval
Handling deprecation for dfs.journalnode.http-address
Handling deprecation for yarn.app.mapreduce.am.staging-dir
Handling deprecation for mapreduce.tasktracker.local.dir.minspacestart
Handling deprecation for yarn.nm.liveness-monitor.expiry-interval-ms
Handling deprecation for ha.health-monitor.check-interval.ms
Handling deprecation for mapreduce.reduce.shuffle.merge.percent
Handling deprecation for dfs.namenode.retrycache.heap.percent
Handling deprecation for ipc.client.connect.timeout
Handling deprecation for mapreduce.output.fileoutputformat.compress
Handling deprecation for yarn.nodemanager.local-dirs
Handling deprecation for yarn.nodemanager.recovery.enabled
Handling deprecation for io.native.lib.available
Handling deprecation for yarn.resourcemanager.am.max-attempts
Handling deprecation for s3.replication
Handling deprecation for mapreduce.input.fileinputformat.inputdir
Handling deprecation for fs.AbstractFileSystem.har.impl
Handling deprecation for dfs.image.compress
Handling deprecation for mapreduce.reduce.input.buffer.percent
Handling deprecation for yarn.nodemanager.webapp.address
Handling deprecation for dfs.datanode.available-space-volume-choosing-policy.balanced-space-preference-fraction
Handling deprecation for dfs.namenode.edit.log.autoroll.multiplier.threshold
Handling deprecation for hadoop.security.group.mapping.ldap.ssl
Handling deprecation for dfs.namenode.checkpoint.check.period
Handling deprecation for fs.defaultFS
Handling deprecation for dfs.client.slow.io.warning.threshold.ms
Handling deprecation for yarn.app.mapreduce.am.job.committer.commit-window
Handling deprecation for hadoop.security.group.mapping.ldap.search.attr.group.name
Handling deprecation for yarn.nodemanager.disk-health-checker.max-disk-utilization-per-disk-percentage
Handling deprecation for yarn.nodemanager.container-monitor.procfs-tree.smaps-based-rss.enabled
Handling deprecation for mapreduce.job.submithostname
Handling deprecation for mapreduce.map.sort.spill.percent
Handling deprecation for dfs.namenode.http-address
Handling deprecation for hadoop.ssl.server.conf
Handling deprecation for mapreduce.ifile.readahead
Handling deprecation for s3native.replication
Handling deprecation for yarn.client.nodemanager-client-async.thread-pool-max-size
Handling deprecation for mapreduce.jobtracker.staging.root.dir
Handling deprecation for mapreduce.jobhistory.admin.address
Handling deprecation for dfs.namenode.startup.delay.block.deletion.sec
Handling deprecation for yarn.nodemanager.health-checker.interval-ms
Handling deprecation for dfs.namenode.checkpoint.max-retries
Handling deprecation for s3.stream-buffer-size
Handling deprecation for ftp.client-write-packet-size
Handling deprecation for dfs.datanode.fsdatasetcache.max.threads.per.volume
Handling deprecation for mapreduce.output.fileoutputformat.compress.codec
Handling deprecation for yarn.timeline-service.keytab
Handling deprecation for mapreduce.jobhistory.webapp.address
Handling deprecation for mapreduce.task.userlog.limit.kb
Handling deprecation for yarn.app.mapreduce.task.container.log.backups
Handling deprecation for dfs.heartbeat.interval
Handling deprecation for ha.zookeeper.session-timeout.ms
Handling deprecation for hadoop.http.authentication.signature.secret.file
Handling deprecation for hadoop.fuse.connection.timeout
Handling deprecation for mapreduce.input.fileinputformat.numinputfiles
Handling deprecation for yarn.nodemanager.log-aggregation.compression-type
Handling deprecation for yarn.nodemanager.log-dirs
Handling deprecation for yarn.app.mapreduce.am.resource.mb
Handling deprecation for hadoop.security.groups.cache.secs
Handling deprecation for yarn.nodemanager.container-monitor.interval-ms
Handling deprecation for mapreduce.jobhistory.recovery.store.class
Handling deprecation for s3.client-write-packet-size
Handling deprecation for mapreduce.jobtracker.instrumentation
Handling deprecation for dfs.replication
Handling deprecation for mapreduce.shuffle.transfer.buffer.size
Handling deprecation for hadoop.security.group.mapping.ldap.directory.search.timeout
Handling deprecation for dfs.datanode.available-space-volume-choosing-policy.balanced-space-threshold
Handling deprecation for hadoop.work.around.non.threadsafe.getpwuid
Handling deprecation for yarn.app.mapreduce.client-am.ipc.max-retries-on-timeouts
Handling deprecation for yarn.nodemanager.address
Handling deprecation for mapreduce.tasktracker.taskcontroller
Handling deprecation for mapreduce.tasktracker.indexcache.mb
Handling deprecation for yarn.scheduler.maximum-allocation-vcores
Handling deprecation for mapreduce.job.reduces
Handling deprecation for yarn.nodemanager.sleep-delay-before-sigkill.ms
Handling deprecation for yarn.timeline-service.address
Handling deprecation for yarn.resourcemanager.configuration.provider-class
Handling deprecation for tfile.io.chunk.size
Handling deprecation for mapreduce.job.acl-modify-job
Handling deprecation for fs.automatic.close
Handling deprecation for ha.health-monitor.sleep-after-disconnect.ms
Handling deprecation for mapreduce.tasktracker.reduce.tasks.maximum
Handling deprecation for mapreduce.input.fileinputformat.list-status.num-threads
Handling deprecation for dfs.datanode.directoryscan.threads
Handling deprecation for dfs.datanode.directoryscan.interval
Handling deprecation for dfs.namenode.acls.enabled
Handling deprecation for dfs.client.short.circuit.replica.stale.threshold.ms
Handling deprecation for hadoop.http.authentication.token.validity
Handling deprecation for fs.s3.block.size
Handling deprecation for ha.failover-controller.graceful-fence.rpc-timeout.ms
Handling deprecation for mapreduce.tasktracker.local.dir.minspacekill
Handling deprecation for mapreduce.jobhistory.cleaner.interval-ms
Handling deprecation for dfs.namenode.datanode.registration.ip-hostname-check
Handling deprecation for yarn.resourcemanager.nm.liveness-monitor.interval-ms
Handling deprecation for mapreduce.jobhistory.intermediate-done-dir
Handling deprecation for mapreduce.jobtracker.http.address
Handling deprecation for dfs.namenode.backup.http-address
Handling deprecation for dfs.namenode.edits.noeditlogchannelflush
Handling deprecation for mapreduce.reduce.shuffle.input.buffer.percent
Handling deprecation for mapreduce.map.maxattempts
Handling deprecation for yarn.http.policy
Handling deprecation for dfs.namenode.audit.loggers
Handling deprecation for hadoop.security.groups.cache.warn.after.ms
Handling deprecation for io.serializations
Handling deprecation for mapreduce.tasktracker.outofband.heartbeat
Handling deprecation for mapreduce.reduce.shuffle.read.timeout
Handling deprecation for mapreduce.reduce.skip.proc.count.autoincr
Handling deprecation for mapreduce.ifile.readahead.bytes
Handling deprecation for dfs.http.policy
Handling deprecation for dfs.namenode.safemode.min.datanodes
Handling deprecation for dfs.client.file-block-storage-locations.num-threads
Handling deprecation for mapreduce.cluster.local.dir
Handling deprecation for mapreduce.tasktracker.report.address
Handling deprecation for dfs.namenode.secondary.https-address
Handling deprecation for hadoop.kerberos.kinit.command
Handling deprecation for dfs.block.access.token.lifetime
Handling deprecation for dfs.webhdfs.enabled
Handling deprecation for dfs.namenode.delegation.token.max-lifetime
Handling deprecation for dfs.namenode.avoid.write.stale.datanode
Handling deprecation for dfs.datanode.drop.cache.behind.writes
Handling deprecation for yarn.log-aggregation.retain-seconds
Handling deprecation for mapreduce.job.complete.cancel.delegation.tokens
Handling deprecation for mapreduce.local.clientfactory.class.name
Handling deprecation for mapreduce.shuffle.connection-keep-alive.timeout
Handling deprecation for dfs.namenode.num.extra.edits.retained
Handling deprecation for yarn.scheduler.minimum-allocation-vcores
Handling deprecation for ipc.client.connect.max.retries.on.timeouts
Handling deprecation for fs.s3n.block.size
Handling deprecation for mapreduce.job.map.output.collector.class
Handling deprecation for ha.health-monitor.connect-retry-interval.ms
Handling deprecation for mapreduce.shuffle.max.threads
Handling deprecation for nfs.exports.allowed.hosts
Handling deprecation for dfs.client.mmap.cache.size
Handling deprecation for mapreduce.tasktracker.map.tasks.maximum
Handling deprecation for io.file.buffer.size
Handling deprecation for dfs.client.datanode-restart.timeout
Handling deprecation for io.mapfile.bloom.size
Handling deprecation for dfs.namenode.checkpoint.txns
Handling deprecation for ipc.client.connect.retry.interval
Handling deprecation for dfs.client-write-packet-size
Handling deprecation for mapreduce.reduce.shuffle.connect.timeout
Handling deprecation for yarn.resourcemanager.fs.state-store.uri
Handling deprecation for fs.swift.impl
Handling deprecation for mapred.queue.default.acl-administer-jobs
Handling deprecation for mapreduce.job.submithostaddress
Handling deprecation for dfs.cachereport.intervalMsec
Handling deprecation for yarn.timeline-service.generic-application-history.fs-history-store.compression-type
Handling deprecation for yarn.app.mapreduce.am.container.log.limit.kb
Handling deprecation for yarn.nodemanager.resourcemanager.minimum.version
Handling deprecation for ftp.blocksize
Handling deprecation for yarn.resourcemanager.address
Handling deprecation for file.stream-buffer-size
Handling deprecation for yarn.resourcemanager.scheduler.monitor.enable
Handling deprecation for mapreduce.job.ubertask.maxreduces
Handling deprecation for nfs.allow.insecure.ports
Handling deprecation for ipc.client.idlethreshold
Handling deprecation for ftp.stream-buffer-size
Handling deprecation for dfs.client.failover.connection.retries.on.timeouts
Handling deprecation for dfs.namenode.replication.work.multiplier.per.iteration
Handling deprecation for hadoop.http.authentication.simple.anonymous.allowed
Handling deprecation for hadoop.security.authorization
Handling deprecation for yarn.client.max-nodemanagers-proxies
Handling deprecation for yarn.am.liveness-monitor.expiry-interval-ms
Handling deprecation for fs.har.impl.disable.cache
Handling deprecation for yarn.nodemanager.linux-container-executor.resources-handler.class
Handling deprecation for yarn.timeline-service.leveldb-timeline-store.read-cache-size
Handling deprecation for hadoop.security.authentication
Handling deprecation for dfs.image.compression.codec
Handling deprecation for mapreduce.task.files.preserve.failedtasks
Handling deprecation for dfs.client.read.shortcircuit.streams.cache.size
Handling deprecation for yarn.timeline-service.leveldb-timeline-store.path
Handling deprecation for mapreduce.job.reduce.slowstart.completedmaps
Handling deprecation for mapreduce.jobhistory.minicluster.fixed.ports
Handling deprecation for file.replication
Handling deprecation for yarn.resourcemanager.ha.automatic-failover.enabled
Handling deprecation for mapreduce.job.userlog.retain.hours
Handling deprecation for mapreduce.jobhistory.joblist.cache.size
Handling deprecation for dfs.namenode.accesstime.precision
Handling deprecation for yarn.resourcemanager.work-preserving-recovery.enabled
Handling deprecation for dfs.namenode.fs-limits.max-xattrs-per-inode
Handling deprecation for io.mapfile.bloom.error.rate
Handling deprecation for yarn.resourcemanager.store.class
Handling deprecation for dfs.image.transfer.timeout
Handling deprecation for nfs.wtmax
Handling deprecation for mapreduce.job.combine.class
Handling deprecation for dfs.namenode.support.allow.format
Handling deprecation for dfs.secondary.namenode.kerberos.internal.spnego.principal
Handling deprecation for dfs.stream-buffer-size
Handling deprecation for dfs.namenode.invalidate.work.pct.per.iteration
Handling deprecation for yarn.nodemanager.container-executor.class
Handling deprecation for yarn.resourcemanager.scheduler.client.thread-count
Handling deprecation for hadoop.user.group.static.mapping.overrides
Handling deprecation for tfile.fs.input.buffer.size
Handling deprecation for dfs.client.cached.conn.retry
Handling deprecation for hadoop.http.authentication.type
Handling deprecation for mapreduce.map.cpu.vcores
Handling deprecation for dfs.namenode.path.based.cache.refresh.interval.ms
Handling deprecation for dfs.namenode.decommission.interval
Handling deprecation for dfs.namenode.fs-limits.max-directory-items
Handling deprecation for yarn.resourcemanager.zk-retry-interval-ms
Handling deprecation for ftp.bytes-per-checksum
Handling deprecation for dfs.ha.log-roll.period
Handling deprecation for yarn.resourcemanager.amliveliness-monitor.interval-ms
Handling deprecation for ipc.client.fallback-to-simple-auth-allowed
Handling deprecation for yarn.nodemanager.pmem-check-enabled
Handling deprecation for yarn.nodemanager.remote-app-log-dir
Handling deprecation for mapreduce.task.profile.maps
Handling deprecation for mapreduce.shuffle.ssl.file.buffer.size
Handling deprecation for mapreduce.tasktracker.healthchecker.script.timeout
Handling deprecation for yarn.timeline-service.webapp.https.address
Handling deprecation for yarn.app.mapreduce.am.command-opts
Handling deprecation for dfs.namenode.fs-limits.max-xattr-size
Handling deprecation for dfs.datanode.http.address
Handling deprecation for hadoop.jetty.logs.serve.aliases
Handling deprecation for yarn.client.failover-proxy-provider
Handling deprecation for mapreduce.jobhistory.admin.acl
Handling deprecation for yarn.nodemanager.remote-app-log-dir-suffix
Handling deprecation for mapreduce.jobhistory.principal
Handling deprecation for yarn.resourcemanager.webapp.address
Handling deprecation for mapreduce.jobhistory.recovery.enable
Handling deprecation for nfs.mountd.port
Handling deprecation for mapreduce.reduce.merge.inmem.threshold
Handling deprecation for fs.df.interval
Handling deprecation for yarn.timeline-service.enabled
Handling deprecation for yarn.timeline-service.generic-application-history.fs-history-store.uri
Handling deprecation for mapreduce.jobtracker.jobhistory.lru.cache.size
Handling deprecation for mapreduce.task.profile
Handling deprecation for mapreduce.job.output.key.class
Handling deprecation for yarn.nodemanager.hostname
Handling deprecation for dfs.namenode.num.checkpoints.retained
Handling deprecation for mapreduce.job.queuename
Handling deprecation for mapreduce.jobhistory.max-age-ms
Handling deprecation for mapreduce.job.token.tracking.ids.enabled
Handling deprecation for yarn.nodemanager.localizer.client.thread-count
Handling deprecation for dfs.https.enable
Handling deprecation for dfs.client.mmap.retry.timeout.ms
Handling deprecation for mapreduce.jobhistory.move.thread-count
Handling deprecation for dfs.permissions.enabled
Handling deprecation for dfs.blockreport.split.threshold
Handling deprecation for fs.AbstractFileSystem.hdfs.impl
Handling deprecation for dfs.datanode.balance.bandwidthPerSec
Handling deprecation for hadoop.http.filter.initializers
Handling deprecation for dfs.default.chunk.view.size
Handling deprecation for yarn.resourcemanager.resource-tracker.address
Handling deprecation for mapreduce.job.working.dir
Handling deprecation for mapreduce.jobhistory.datestring.cache.size
Handling deprecation for mapreduce.task.profile.params
Handling deprecation for dfs.namenode.handler.count
Handling deprecation for dfs.image.transfer.bandwidthPerSec
Handling deprecation for rpc.metrics.quantile.enable
Handling deprecation for mapreduce.jobtracker.expire.trackers.interval
Handling deprecation for mapreduce.task.timeout
Handling deprecation for yarn.app.mapreduce.client.max-retries
Handling deprecation for yarn.nodemanager.resource.memory-mb
Handling deprecation for yarn.nodemanager.disk-health-checker.min-healthy-disks
Handling deprecation for dfs.datanode.failed.volumes.tolerated
Handling deprecation for yarn.timeline-service.handler-thread-count
Handling deprecation for ipc.server.listen.queue.size
Handling deprecation for yarn.resourcemanager.connect.max-wait.ms
Handling deprecation for mapreduce.framework.name
Handling deprecation for mapreduce.map.skip.proc.count.autoincr
Handling deprecation for yarn.resourcemanager.history-writer.multi-threaded-dispatcher.pool-size
Handling deprecation for mapreduce.job.max.split.locations
Handling deprecation for yarn.resourcemanager.scheduler.class
Handling deprecation for dfs.blocksize
Handling deprecation for mapreduce.shuffle.connection-keep-alive.enable
Handling deprecation for yarn.timeline-service.generic-application-history.enabled
Handling deprecation for file.client-write-packet-size
Handling deprecation for ha.failover-controller.cli-check.rpc-timeout.ms
Handling deprecation for ha.zookeeper.acl
Handling deprecation for dfs.namenode.write.stale.datanode.ratio
Handling deprecation for dfs.encrypt.data.transfer
Handling deprecation for yarn.timeline-service.generic-application-history.store-class
Handling deprecation for dfs.datanode.shared.file.descriptor.paths
Handling deprecation for yarn.resourcemanager.delayed.delegation-token.removal-interval-ms
Handling deprecation for yarn.nodemanager.localizer.fetch.thread-count
Handling deprecation for dfs.client.failover.max.attempts
Handling deprecation for yarn.resourcemanager.scheduler.address
Handling deprecation for dfs.client.read.shortcircuit.streams.cache.expiry.ms
Handling deprecation for yarn.ipc.serializer.type
Handling deprecation for yarn.timeline-service.leveldb-timeline-store.start-time-write-cache-size
Handling deprecation for yarn.nodemanager.health-checker.script.timeout-ms
Handling deprecation for hadoop.ssl.require.client.cert
Handling deprecation for hadoop.security.uid.cache.secs
Handling deprecation for mapreduce.jobhistory.keytab
Handling deprecation for dfs.client.read.shortcircuit.skip.checksum
Handling deprecation for yarn.resourcemanager.ha.automatic-failover.zk-base-path
Handling deprecation for mapreduce.shuffle.ssl.enabled
Handling deprecation for mapreduce.reduce.log.level
Handling deprecation for dfs.namenode.logging.level
Handling deprecation for mapreduce.tasktracker.dns.interface
Handling deprecation for dfs.datanode.use.datanode.hostname
Handling deprecation for dfs.client.context
Handling deprecation for yarn.resourcemanager.ha.enabled
Handling deprecation for mapred.reducer.new-api
Handling deprecation for dfs.namenode.delegation.token.renew-interval
Handling deprecation for ipc.client.tcpnodelay
Handling deprecation for dfs.blockreport.intervalMsec
Handling deprecation for mapreduce.reduce.shuffle.memory.limit.percent
Handling deprecation for dfs.https.server.keystore.resource
Handling deprecation for io.map.index.skip
Handling deprecation for mapreduce.job.hdfs-servers
Handling deprecation for mapreduce.jobtracker.taskscheduler
Handling deprecation for dfs.namenode.kerberos.internal.spnego.principal
Handling deprecation for yarn.resourcemanager.state-store.max-completed-applications
Handling deprecation for mapreduce.map.output.compress
Handling deprecation for dfs.namenode.decommission.nodes.per.interval
Handling deprecation for fs.s3n.multipart.uploads.block.size
Handling deprecation for mapreduce.task.merge.progress.records
Handling deprecation for dfs.datanode.dns.interface
Handling deprecation for map.sort.class
Handling deprecation for yarn.nodemanager.aux-services.mapreduce_shuffle.class
Handling deprecation for yarn.nodemanager.resourcemanager.connect.wait.secs
Handling deprecation for tfile.fs.output.buffer.size
Handling deprecation for fs.du.interval
Handling deprecation for dfs.client.failover.connection.retries
Handling deprecation for mapreduce.job.dir
Handling deprecation for mapreduce.reduce.shuffle.retry-delay.max.ms
Handling deprecation for mapreduce.client.progressmonitor.pollinterval
Handling deprecation for dfs.datanode.max.locked.memory
Handling deprecation for dfs.namenode.retrycache.expirytime.millis
Handling deprecation for mapreduce.jobhistory.move.interval-ms
Handling deprecation for dfs.ha.fencing.ssh.connect-timeout
Handling deprecation for dfs.namenode.fs-limits.max-component-length
Handling deprecation for dfs.namenode.enable.retrycache
Handling deprecation for dfs.datanode.du.reserved
Handling deprecation for dfs.datanode.ipc.address
Handling deprecation for dfs.client.block.write.replace-datanode-on-failure.policy
Handling deprecation for dfs.namenode.path.based.cache.retry.interval.ms
Handling deprecation for dfs.ha.tail-edits.period
Handling deprecation for mapreduce.task.profile.reduce.params
Handling deprecation for yarn.resourcemanager.hostname
Handling deprecation for hadoop.security.group.mapping.ldap.search.filter.group
Handling deprecation for hadoop.http.authentication.kerberos.principal
Handling deprecation for hadoop.security.group.mapping.ldap.search.filter.user
Handling deprecation for yarn.nodemanager.disk-health-checker.min-free-space-per-disk-mb
Handling deprecation for dfs.namenode.edits.dir
Handling deprecation for yarn.client.failover-retries-on-socket-timeouts
Handling deprecation for mapreduce.client.completion.pollinterval
Handling deprecation for dfs.namenode.name.dir.restore
Handling deprecation for dfs.namenode.secondary.http-address
Handling deprecation for s3.bytes-per-checksum
Handling deprecation for dfs.support.append
Handling deprecation for yarn.resourcemanager.webapp.https.address
Handling deprecation for yarn.nodemanager.vmem-pmem-ratio
Handling deprecation for dfs.namenode.checkpoint.period
Handling deprecation for dfs.ha.automatic-failover.enabled
Submitting tokens for job: job_local2104004351_0001
file:/tmp/hadoop-Administrator/mapred/staging/Administrator2104004351/.staging/job_local2104004351_0001/job.xml:an attempt to override final parameter: mapreduce.job.end-notification.max.retry.interval;  Ignoring.
file:/tmp/hadoop-Administrator/mapred/staging/Administrator2104004351/.staging/job_local2104004351_0001/job.xml:an attempt to override final parameter: mapreduce.job.end-notification.max.attempts;  Ignoring.
PrivilegedAction as:Administrator (auth:SIMPLE) from:org.apache.hadoop.fs.FileContext.getAbstractFileSystem(FileContext.java:330)
Handling deprecation for all properties in config...
Handling deprecation for mapreduce.jobtracker.address
Handling deprecation for yarn.resourcemanager.scheduler.monitor.policies
Handling deprecation for ipc.server.tcpnodelay
Handling deprecation for mapreduce.jobhistory.client.thread-count
Handling deprecation for mapred.child.java.opts
Handling deprecation for mapreduce.jobtracker.retiredjobs.cache.size
Handling deprecation for dfs.client.https.need-auth
Handling deprecation for yarn.admin.acl
Handling deprecation for yarn.app.mapreduce.am.job.committer.cancel-timeout
Handling deprecation for fs.ftp.host.port
Handling deprecation for dfs.namenode.avoid.read.stale.datanode
Handling deprecation for dfs.journalnode.rpc-address
Handling deprecation for mapreduce.job.end-notification.retry.attempts
Handling deprecation for yarn.timeline-service.leveldb-timeline-store.ttl-interval-ms
Handling deprecation for mapred.mapper.new-api
Handling deprecation for yarn.ipc.rpc.class
Handling deprecation for ipc.client.connection.maxidletime
Handling deprecation for yarn.nodemanager.process-kill-wait.ms
Handling deprecation for mapreduce.cluster.acls.enabled
Handling deprecation for mapreduce.jobtracker.handler.count
Handling deprecation for io.map.index.interval
Handling deprecation for dfs.namenode.https-address
Handling deprecation for mapreduce.task.profile.reduces
Handling deprecation for fs.s3n.multipart.uploads.enabled
Handling deprecation for io.seqfile.sorter.recordlimit
Handling deprecation for mapreduce.job.ubertask.maxmaps
Handling deprecation for mapreduce.tasktracker.tasks.sleeptimebeforesigkill
Handling deprecation for hadoop.util.hash.type
Handling deprecation for dfs.namenode.replication.min
Handling deprecation for yarn.nodemanager.container-manager.thread-count
Handling deprecation for mapreduce.jobtracker.jobhistory.block.size
Handling deprecation for dfs.namenode.fs-limits.min-block-size
Handling deprecation for mapreduce.app-submission.cross-platform
Handling deprecation for fs.AbstractFileSystem.file.impl
Handling deprecation for mapreduce.job.classloader.system.classes
Handling deprecation for net.topology.script.number.args
Handling deprecation for yarn.resourcemanager.container-tokens.master-key-rolling-interval-secs
Handling deprecation for mapreduce.map.output.compress.codec
Handling deprecation for mapreduce.job.reducer.preempt.delay.sec
Handling deprecation for s3native.bytes-per-checksum
Handling deprecation for dfs.namenode.path.based.cache.block.map.allocation.percent
Handling deprecation for mapreduce.input.fileinputformat.split.minsize
Handling deprecation for hadoop.security.group.mapping
Handling deprecation for mapreduce.jobtracker.system.dir
Handling deprecation for mapreduce.job.end-notification.max.attempts
Handling deprecation for mapreduce.reduce.markreset.buffer.percent
Handling deprecation for mapreduce.reduce.speculative
Handling deprecation for yarn.nodemanager.localizer.cache.cleanup.interval-ms
Handling deprecation for mapreduce.jobhistory.recovery.store.fs.uri
Handling deprecation for yarn.timeline-service.leveldb-timeline-store.start-time-read-cache-size
Handling deprecation for yarn.nodemanager.keytab
Handling deprecation for dfs.namenode.replication.interval
Handling deprecation for yarn.resourcemanager.admin.address
Handling deprecation for mapreduce.job.maps
Handling deprecation for nfs.dump.dir
Handling deprecation for mapreduce.job.user.name
Handling deprecation for mapreduce.jobtracker.maxtasks.perjob
Handling deprecation for mapreduce.job.ubertask.enable
Handling deprecation for mapreduce.job.reduce.class
Handling deprecation for yarn.nodemanager.delete.debug-delay-sec
Handling deprecation for yarn.timeline-service.ttl-enable
Handling deprecation for yarn.resourcemanager.fs.state-store.retry-policy-spec
Handling deprecation for mapreduce.reduce.skip.maxgroups
Handling deprecation for dfs.client.use.datanode.hostname
Handling deprecation for fs.trash.interval
Handling deprecation for yarn.resourcemanager.application-tokens.master-key-rolling-interval-secs
Handling deprecation for mapreduce.job.name
Handling deprecation for mapreduce.am.max-attempts
Handling deprecation for mapreduce.jobtracker.heartbeats.in.second
Handling deprecation for yarn.resourcemanager.zk-num-retries
Handling deprecation for s3.blocksize
Handling deprecation for dfs.datanode.data.dir
Handling deprecation for mapreduce.jobtracker.persist.jobstatus.active
Handling deprecation for mapreduce.reduce.shuffle.parallelcopies
Handling deprecation for fs.s3.buffer.dir
Handling deprecation for mapreduce.jobhistory.done-dir
Handling deprecation for hadoop.security.instrumentation.requires.admin
Handling deprecation for nfs.rtmax
Handling deprecation for dfs.datanode.data.dir.perm
Handling deprecation for yarn.resourcemanager.container.liveness-monitor.interval-ms
Handling deprecation for yarn.nodemanager.env-whitelist
Handling deprecation for dfs.namenode.backup.address
Handling deprecation for dfs.namenode.xattrs.enabled
Handling deprecation for dfs.datanode.readahead.bytes
Handling deprecation for mapreduce.jobhistory.cleaner.enable
Handling deprecation for dfs.client.block.write.retries
Handling deprecation for mapreduce.tasktracker.http.address
Handling deprecation for yarn.nodemanager.linux-container-executor.cgroups.hierarchy
Handling deprecation for ha.failover-controller.graceful-fence.connection.retries
Handling deprecation for yarn.resourcemanager.recovery.enabled
Handling deprecation for yarn.app.mapreduce.am.container.log.backups
Handling deprecation for dfs.namenode.safemode.threshold-pct
Handling deprecation for yarn.nodemanager.disk-health-checker.interval-ms
Handling deprecation for dfs.namenode.list.cache.directives.num.responses
Handling deprecation for dfs.datanode.dns.nameserver
Handling deprecation for mapreduce.cluster.temp.dir
Handling deprecation for mapreduce.reduce.maxattempts
Handling deprecation for mapreduce.client.submit.file.replication
Handling deprecation for mapreduce.shuffle.port
Handling deprecation for yarn.resourcemanager.resource-tracker.client.thread-count
Handling deprecation for dfs.namenode.replication.considerLoad
Handling deprecation for dfs.namenode.edits.journal-plugin.qjournal
Handling deprecation for dfs.client.write.exclude.nodes.cache.expiry.interval.millis
Handling deprecation for yarn.nodemanager.delete.thread-count
Handling deprecation for dfs.client.mmap.cache.timeout.ms
Handling deprecation for yarn.nodemanager.admin-env
Handling deprecation for io.skip.checksum.errors
Handling deprecation for yarn.timeline-service.hostname
Handling deprecation for yarn.acl.enable
Handling deprecation for file.blocksize
Handling deprecation for mapreduce.job.speculative.slowtaskthreshold
Handling deprecation for ftp.replication
Handling deprecation for s3native.client-write-packet-size
Handling deprecation for hadoop.rpc.socket.factory.class.default
Handling deprecation for file.bytes-per-checksum
Handling deprecation for dfs.datanode.slow.io.warning.threshold.ms
Handling deprecation for rpc.engine.org.apache.hadoop.hdfs.protocolPB.ClientNamenodeProtocolPB
Handling deprecation for io.seqfile.lazydecompress
Handling deprecation for mapreduce.task.skip.start.attempts
Handling deprecation for dfs.namenode.reject-unresolved-dn-topology-mapping
Handling deprecation for hadoop.common.configuration.version
Handling deprecation for yarn.resourcemanager.client.thread-count
Handling deprecation for dfs.datanode.drop.cache.behind.reads
Handling deprecation for mapreduce.job.output.value.class
Handling deprecation for mapreduce.output.fileoutputformat.outputdir
Handling deprecation for mapreduce.jobtracker.taskcache.levels
Handling deprecation for yarn.nodemanager.linux-container-executor.nonsecure-mode.user-pattern
Handling deprecation for yarn.resourcemanager.zk-timeout-ms
Handling deprecation for mapreduce.task.tmp.dir
Handling deprecation for yarn.resourcemanager.max-completed-applications
Handling deprecation for mapreduce.job.jvm.numtasks
Handling deprecation for mapreduce.jobtracker.tasktracker.maxblacklists
Handling deprecation for yarn.nodemanager.linux-container-executor.cgroups.mount
Handling deprecation for mapreduce.job.end-notification.max.retry.interval
Handling deprecation for yarn.nodemanager.resourcemanager.connect.retry_interval.secs
Handling deprecation for mapreduce.job.speculative.speculativecap
Handling deprecation for mapreduce.job.acl-view-job
Handling deprecation for mapreduce.job.classloader
Handling deprecation for yarn.log-aggregation-enable
Handling deprecation for yarn.resourcemanager.nodemanager.minimum.version
Handling deprecation for yarn.app.mapreduce.am.job.task.listener.thread-count
Handling deprecation for yarn.app.mapreduce.am.resource.cpu-vcores
Handling deprecation for dfs.namenode.edit.log.autoroll.check.interval.ms
Handling deprecation for mapreduce.output.fileoutputformat.compress.type
Handling deprecation for hadoop.hdfs.configuration.version
Handling deprecation for hadoop.security.group.mapping.ldap.search.attr.member
Handling deprecation for yarn.nodemanager.log.retain-seconds
Handling deprecation for yarn.nodemanager.local-cache.max-files-per-directory
Handling deprecation for mapreduce.job.end-notification.retry.interval
Handling deprecation for hadoop.ssl.client.conf
Handling deprecation for dfs.journalnode.https-address
Handling deprecation for dfs.bytes-per-checksum
Handling deprecation for dfs.namenode.max.objects
Handling deprecation for mapreduce.tasktracker.instrumentation
Handling deprecation for dfs.datanode.max.transfer.threads
Handling deprecation for dfs.block.access.key.update.interval
Handling deprecation for mapreduce.jobtracker.jobhistory.task.numberprogresssplits
Handling deprecation for ha.failover-controller.new-active.rpc-timeout.ms
Handling deprecation for hadoop.ssl.hostname.verifier
Handling deprecation for dfs.client.read.shortcircuit
Handling deprecation for dfs.datanode.hdfs-blocks-metadata.enabled
Handling deprecation for mapreduce.tasktracker.healthchecker.interval
Handling deprecation for dfs.image.transfer.chunksize
Handling deprecation for mapreduce.tasktracker.taskmemorymanager.monitoringinterval
Handling deprecation for dfs.client.https.keystore.resource
Handling deprecation for yarn.resourcemanager.connect.retry-interval.ms
Handling deprecation for yarn.timeline-service.webapp.address
Handling deprecation for s3native.blocksize
Handling deprecation for yarn.scheduler.minimum-allocation-mb
Handling deprecation for net.topology.impl
Handling deprecation for dfs.client.failover.sleep.base.millis
Handling deprecation for dfs.permissions.superusergroup
Handling deprecation for io.seqfile.compress.blocksize
Handling deprecation for dfs.namenode.checkpoint.edits.dir
Handling deprecation for dfs.blockreport.initialDelay
Handling deprecation for dfs.namenode.safemode.extension
Handling deprecation for yarn.scheduler.maximum-allocation-mb
Handling deprecation for mapreduce.job.reduce.shuffle.consumer.plugin.class
Handling deprecation for yarn.nodemanager.vmem-check-enabled
Handling deprecation for mapreduce.task.io.sort.factor
Handling deprecation for mapreduce.jobtracker.persist.jobstatus.dir
Handling deprecation for dfs.client.failover.sleep.max.millis
Handling deprecation for dfs.namenode.delegation.key.update-interval
Handling deprecation for hadoop.rpc.protection
Handling deprecation for fs.permissions.umask-mode
Handling deprecation for fs.s3.sleepTimeSeconds
Handling deprecation for ha.health-monitor.rpc-timeout.ms
Handling deprecation for hadoop.http.staticuser.user
Handling deprecation for fs.AbstractFileSystem.viewfs.impl
Handling deprecation for fs.ftp.host
Handling deprecation for yarn.nodemanager.linux-container-executor.nonsecure-mode.local-user
Handling deprecation for hadoop.http.authentication.kerberos.keytab
Handling deprecation for dfs.namenode.fs-limits.max-blocks-per-file
Handling deprecation for mapreduce.tasktracker.http.threads
Handling deprecation for mapreduce.tasktracker.dns.nameserver
Handling deprecation for dfs.client.block.write.replace-datanode-on-failure.enable
Handling deprecation for io.compression.codec.bzip2.library
Handling deprecation for mapreduce.map.skip.maxrecords
Handling deprecation for dfs.client.use.legacy.blockreader.local
Handling deprecation for dfs.namenode.checkpoint.dir
Handling deprecation for mapreduce.job.speculative.slownodethreshold
Handling deprecation for mapreduce.job.maxtaskfailures.per.tracker
Handling deprecation for net.topology.node.switch.mapping.impl
Handling deprecation for mapreduce.shuffle.max.connections
Handling deprecation for mapreduce.jobhistory.loadedjobs.cache.size
Handling deprecation for yarn.client.application-client-protocol.poll-interval-ms
Handling deprecation for yarn.nodemanager.localizer.address
Handling deprecation for dfs.namenode.list.cache.pools.num.responses
Handling deprecation for nfs.server.port
Handling deprecation for mapreduce.client.output.filter
Handling deprecation for ha.zookeeper.parent-znode
Handling deprecation for mapreduce.jobtracker.persist.jobstatus.hours
Handling deprecation for yarn.nodemanager.resource.cpu-vcores
Handling deprecation for mapreduce.jobhistory.http.policy
Handling deprecation for yarn.resourcemanager.webapp.delegation-token-auth-filter.enabled
Handling deprecation for s3native.stream-buffer-size
Handling deprecation for io.seqfile.local.dir
Handling deprecation for yarn.log-aggregation.retain-check-interval-seconds
Handling deprecation for fs.s3n.multipart.copy.block.size
Handling deprecation for dfs.datanode.sync.behind.writes
Handling deprecation for yarn.resourcemanager.zk-acl
Handling deprecation for hadoop.ssl.keystores.factory.class
Handling deprecation for mapreduce.job.split.metainfo.maxsize
Handling deprecation for fs.s3.maxRetries
Handling deprecation for dfs.namenode.stale.datanode.interval
Handling deprecation for mapreduce.task.io.sort.mb
Handling deprecation for yarn.resourcemanager.zk-state-store.parent-path
Handling deprecation for yarn.app.mapreduce.client-am.ipc.max-retries
Handling deprecation for fs.client.resolve.remote.symlinks
Handling deprecation for mapreduce.reduce.cpu.vcores
Handling deprecation for yarn.client.failover-retries
Handling deprecation for mapreduce.jobhistory.address
Handling deprecation for hadoop.ssl.enabled
Handling deprecation for dfs.replication.max
Handling deprecation for dfs.namenode.name.dir
Handling deprecation for dfs.datanode.https.address
Handling deprecation for ipc.client.kill.max
Handling deprecation for mapreduce.job.committer.setup.cleanup.needed
Handling deprecation for dfs.client.domain.socket.data.traffic
Handling deprecation for yarn.nodemanager.localizer.cache.target-size-mb
Handling deprecation for yarn.resourcemanager.admin.client.thread-count
Handling deprecation for dfs.block.access.token.enable
Handling deprecation for dfs.datanode.address
Handling deprecation for mapreduce.jobtracker.restart.recover
Handling deprecation for ipc.client.connect.max.retries
Handling deprecation for yarn.timeline-service.store-class
Handling deprecation for dfs.short.circuit.shared.memory.watcher.interrupt.check.ms
Handling deprecation for hadoop.tmp.dir
Handling deprecation for dfs.datanode.handler.count
Handling deprecation for yarn.resourcemanager.ha.automatic-failover.embedded
Handling deprecation for yarn.timeline-service.ttl-ms
Handling deprecation for mapreduce.task.profile.map.params
Handling deprecation for yarn.resourcemanager.nodemanagers.heartbeat-interval-ms
Handling deprecation for mapreduce.map.speculative
Handling deprecation for mapreduce.job.map.class
Handling deprecation for yarn.nodemanager.recovery.dir
Handling deprecation for mapreduce.job.counters.max
Handling deprecation for yarn.resourcemanager.keytab
Handling deprecation for dfs.namenode.max.extra.edits.segments.retained
Handling deprecation for dfs.webhdfs.user.provider.user.pattern
Handling deprecation for dfs.client.mmap.enabled
Handling deprecation for mapreduce.map.log.level
Handling deprecation for dfs.client.file-block-storage-locations.timeout.millis
Handling deprecation for yarn.app.mapreduce.am.scheduler.heartbeat.interval-ms
Handling deprecation for hadoop.fuse.timer.period
Handling deprecation for fs.trash.checkpoint.interval
Handling deprecation for dfs.journalnode.http-address
Handling deprecation for yarn.app.mapreduce.am.staging-dir
Handling deprecation for mapreduce.tasktracker.local.dir.minspacestart
Handling deprecation for yarn.nm.liveness-monitor.expiry-interval-ms
Handling deprecation for ha.health-monitor.check-interval.ms
Handling deprecation for mapreduce.reduce.shuffle.merge.percent
Handling deprecation for dfs.namenode.retrycache.heap.percent
Handling deprecation for ipc.client.connect.timeout
Handling deprecation for mapreduce.output.fileoutputformat.compress
Handling deprecation for yarn.nodemanager.local-dirs
Handling deprecation for yarn.nodemanager.recovery.enabled
Handling deprecation for io.native.lib.available
Handling deprecation for yarn.resourcemanager.am.max-attempts
Handling deprecation for s3.replication
Handling deprecation for mapreduce.input.fileinputformat.inputdir
Handling deprecation for fs.AbstractFileSystem.har.impl
Handling deprecation for dfs.image.compress
Handling deprecation for mapreduce.reduce.input.buffer.percent
Handling deprecation for yarn.nodemanager.webapp.address
Handling deprecation for dfs.datanode.available-space-volume-choosing-policy.balanced-space-preference-fraction
Handling deprecation for dfs.namenode.edit.log.autoroll.multiplier.threshold
Handling deprecation for hadoop.security.group.mapping.ldap.ssl
Handling deprecation for dfs.namenode.checkpoint.check.period
Handling deprecation for fs.defaultFS
Handling deprecation for dfs.client.slow.io.warning.threshold.ms
Handling deprecation for yarn.app.mapreduce.am.job.committer.commit-window
Handling deprecation for hadoop.security.group.mapping.ldap.search.attr.group.name
Handling deprecation for yarn.nodemanager.disk-health-checker.max-disk-utilization-per-disk-percentage
Handling deprecation for yarn.nodemanager.container-monitor.procfs-tree.smaps-based-rss.enabled
Handling deprecation for mapreduce.job.submithostname
Handling deprecation for mapreduce.map.sort.spill.percent
Handling deprecation for dfs.namenode.http-address
Handling deprecation for hadoop.ssl.server.conf
Handling deprecation for mapreduce.ifile.readahead
Handling deprecation for s3native.replication
Handling deprecation for yarn.client.nodemanager-client-async.thread-pool-max-size
Handling deprecation for mapreduce.jobtracker.staging.root.dir
Handling deprecation for mapreduce.jobhistory.admin.address
Handling deprecation for dfs.namenode.startup.delay.block.deletion.sec
Handling deprecation for yarn.nodemanager.health-checker.interval-ms
Handling deprecation for dfs.namenode.checkpoint.max-retries
Handling deprecation for s3.stream-buffer-size
Handling deprecation for ftp.client-write-packet-size
Handling deprecation for dfs.datanode.fsdatasetcache.max.threads.per.volume
Handling deprecation for mapreduce.output.fileoutputformat.compress.codec
Handling deprecation for yarn.timeline-service.keytab
Handling deprecation for mapreduce.jobhistory.webapp.address
Handling deprecation for mapreduce.task.userlog.limit.kb
Handling deprecation for yarn.app.mapreduce.task.container.log.backups
Handling deprecation for dfs.heartbeat.interval
Handling deprecation for ha.zookeeper.session-timeout.ms
Handling deprecation for hadoop.http.authentication.signature.secret.file
Handling deprecation for hadoop.fuse.connection.timeout
Handling deprecation for mapreduce.input.fileinputformat.numinputfiles
Handling deprecation for yarn.nodemanager.log-aggregation.compression-type
Handling deprecation for yarn.nodemanager.log-dirs
Handling deprecation for yarn.app.mapreduce.am.resource.mb
Handling deprecation for hadoop.security.groups.cache.secs
Handling deprecation for yarn.nodemanager.container-monitor.interval-ms
Handling deprecation for mapreduce.jobhistory.recovery.store.class
Handling deprecation for s3.client-write-packet-size
Handling deprecation for mapreduce.jobtracker.instrumentation
Handling deprecation for dfs.replication
Handling deprecation for mapreduce.shuffle.transfer.buffer.size
Handling deprecation for hadoop.security.group.mapping.ldap.directory.search.timeout
Handling deprecation for dfs.datanode.available-space-volume-choosing-policy.balanced-space-threshold
Handling deprecation for hadoop.work.around.non.threadsafe.getpwuid
Handling deprecation for yarn.app.mapreduce.client-am.ipc.max-retries-on-timeouts
Handling deprecation for yarn.nodemanager.address
Handling deprecation for mapreduce.tasktracker.taskcontroller
Handling deprecation for mapreduce.tasktracker.indexcache.mb
Handling deprecation for yarn.scheduler.maximum-allocation-vcores
Handling deprecation for mapreduce.job.reduces
Handling deprecation for yarn.nodemanager.sleep-delay-before-sigkill.ms
Handling deprecation for yarn.timeline-service.address
Handling deprecation for yarn.resourcemanager.configuration.provider-class
Handling deprecation for tfile.io.chunk.size
Handling deprecation for mapreduce.job.acl-modify-job
Handling deprecation for fs.automatic.close
Handling deprecation for ha.health-monitor.sleep-after-disconnect.ms
Handling deprecation for mapreduce.tasktracker.reduce.tasks.maximum
Handling deprecation for mapreduce.input.fileinputformat.list-status.num-threads
Handling deprecation for dfs.datanode.directoryscan.threads
Handling deprecation for dfs.datanode.directoryscan.interval
Handling deprecation for dfs.namenode.acls.enabled
Handling deprecation for dfs.client.short.circuit.replica.stale.threshold.ms
Handling deprecation for hadoop.http.authentication.token.validity
Handling deprecation for fs.s3.block.size
Handling deprecation for ha.failover-controller.graceful-fence.rpc-timeout.ms
Handling deprecation for mapreduce.tasktracker.local.dir.minspacekill
Handling deprecation for mapreduce.jobhistory.cleaner.interval-ms
Handling deprecation for dfs.namenode.datanode.registration.ip-hostname-check
Handling deprecation for yarn.resourcemanager.nm.liveness-monitor.interval-ms
Handling deprecation for mapreduce.jobhistory.intermediate-done-dir
Handling deprecation for mapreduce.jobtracker.http.address
Handling deprecation for dfs.namenode.backup.http-address
Handling deprecation for dfs.namenode.edits.noeditlogchannelflush
Handling deprecation for mapreduce.reduce.shuffle.input.buffer.percent
Handling deprecation for mapreduce.map.maxattempts
Handling deprecation for yarn.http.policy
Handling deprecation for dfs.namenode.audit.loggers
Handling deprecation for hadoop.security.groups.cache.warn.after.ms
Handling deprecation for io.serializations
Handling deprecation for mapreduce.tasktracker.outofband.heartbeat
Handling deprecation for mapreduce.reduce.shuffle.read.timeout
Handling deprecation for mapreduce.reduce.skip.proc.count.autoincr
Handling deprecation for mapreduce.ifile.readahead.bytes
Handling deprecation for dfs.http.policy
Handling deprecation for dfs.namenode.safemode.min.datanodes
Handling deprecation for dfs.client.file-block-storage-locations.num-threads
Handling deprecation for mapreduce.cluster.local.dir
Handling deprecation for mapreduce.tasktracker.report.address
Handling deprecation for dfs.namenode.secondary.https-address
Handling deprecation for hadoop.kerberos.kinit.command
Handling deprecation for dfs.block.access.token.lifetime
Handling deprecation for dfs.webhdfs.enabled
Handling deprecation for dfs.namenode.delegation.token.max-lifetime
Handling deprecation for dfs.namenode.avoid.write.stale.datanode
Handling deprecation for dfs.datanode.drop.cache.behind.writes
Handling deprecation for yarn.log-aggregation.retain-seconds
Handling deprecation for mapreduce.job.complete.cancel.delegation.tokens
Handling deprecation for mapreduce.local.clientfactory.class.name
Handling deprecation for mapreduce.shuffle.connection-keep-alive.timeout
Handling deprecation for dfs.namenode.num.extra.edits.retained
Handling deprecation for yarn.scheduler.minimum-allocation-vcores
Handling deprecation for ipc.client.connect.max.retries.on.timeouts
Handling deprecation for fs.s3n.block.size
Handling deprecation for mapreduce.job.map.output.collector.class
Handling deprecation for ha.health-monitor.connect-retry-interval.ms
Handling deprecation for mapreduce.shuffle.max.threads
Handling deprecation for nfs.exports.allowed.hosts
Handling deprecation for dfs.client.mmap.cache.size
Handling deprecation for mapreduce.tasktracker.map.tasks.maximum
Handling deprecation for io.file.buffer.size
Handling deprecation for dfs.client.datanode-restart.timeout
Handling deprecation for io.mapfile.bloom.size
Handling deprecation for dfs.namenode.checkpoint.txns
Handling deprecation for ipc.client.connect.retry.interval
Handling deprecation for dfs.client-write-packet-size
Handling deprecation for mapreduce.reduce.shuffle.connect.timeout
Handling deprecation for yarn.resourcemanager.fs.state-store.uri
Handling deprecation for fs.swift.impl
Handling deprecation for mapred.queue.default.acl-administer-jobs
Handling deprecation for mapreduce.job.submithostaddress
Handling deprecation for dfs.cachereport.intervalMsec
Handling deprecation for yarn.timeline-service.generic-application-history.fs-history-store.compression-type
Handling deprecation for yarn.app.mapreduce.am.container.log.limit.kb
Handling deprecation for yarn.nodemanager.resourcemanager.minimum.version
Handling deprecation for ftp.blocksize
Handling deprecation for yarn.resourcemanager.address
Handling deprecation for file.stream-buffer-size
Handling deprecation for yarn.resourcemanager.scheduler.monitor.enable
Handling deprecation for mapreduce.job.ubertask.maxreduces
Handling deprecation for nfs.allow.insecure.ports
Handling deprecation for ipc.client.idlethreshold
Handling deprecation for ftp.stream-buffer-size
Handling deprecation for dfs.client.failover.connection.retries.on.timeouts
Handling deprecation for dfs.namenode.replication.work.multiplier.per.iteration
Handling deprecation for hadoop.http.authentication.simple.anonymous.allowed
Handling deprecation for hadoop.security.authorization
Handling deprecation for yarn.client.max-nodemanagers-proxies
Handling deprecation for yarn.am.liveness-monitor.expiry-interval-ms
Handling deprecation for fs.har.impl.disable.cache
Handling deprecation for yarn.nodemanager.linux-container-executor.resources-handler.class
Handling deprecation for yarn.timeline-service.leveldb-timeline-store.read-cache-size
Handling deprecation for hadoop.security.authentication
Handling deprecation for dfs.image.compression.codec
Handling deprecation for mapreduce.task.files.preserve.failedtasks
Handling deprecation for dfs.client.read.shortcircuit.streams.cache.size
Handling deprecation for yarn.timeline-service.leveldb-timeline-store.path
Handling deprecation for mapreduce.job.reduce.slowstart.completedmaps
Handling deprecation for mapreduce.jobhistory.minicluster.fixed.ports
Handling deprecation for file.replication
Handling deprecation for yarn.resourcemanager.ha.automatic-failover.enabled
Handling deprecation for mapreduce.job.userlog.retain.hours
Handling deprecation for mapreduce.jobhistory.joblist.cache.size
Handling deprecation for dfs.namenode.accesstime.precision
Handling deprecation for yarn.resourcemanager.work-preserving-recovery.enabled
Handling deprecation for dfs.namenode.fs-limits.max-xattrs-per-inode
Handling deprecation for io.mapfile.bloom.error.rate
Handling deprecation for yarn.resourcemanager.store.class
Handling deprecation for dfs.image.transfer.timeout
Handling deprecation for nfs.wtmax
Handling deprecation for mapreduce.job.combine.class
Handling deprecation for dfs.namenode.support.allow.format
Handling deprecation for dfs.secondary.namenode.kerberos.internal.spnego.principal
Handling deprecation for dfs.stream-buffer-size
Handling deprecation for dfs.namenode.invalidate.work.pct.per.iteration
Handling deprecation for yarn.nodemanager.container-executor.class
Handling deprecation for yarn.resourcemanager.scheduler.client.thread-count
Handling deprecation for hadoop.user.group.static.mapping.overrides
Handling deprecation for tfile.fs.input.buffer.size
Handling deprecation for dfs.client.cached.conn.retry
Handling deprecation for hadoop.http.authentication.type
Handling deprecation for mapreduce.map.cpu.vcores
Handling deprecation for dfs.namenode.path.based.cache.refresh.interval.ms
Handling deprecation for dfs.namenode.decommission.interval
Handling deprecation for dfs.namenode.fs-limits.max-directory-items
Handling deprecation for yarn.resourcemanager.zk-retry-interval-ms
Handling deprecation for ftp.bytes-per-checksum
Handling deprecation for dfs.ha.log-roll.period
Handling deprecation for yarn.resourcemanager.amliveliness-monitor.interval-ms
Handling deprecation for ipc.client.fallback-to-simple-auth-allowed
Handling deprecation for yarn.nodemanager.pmem-check-enabled
Handling deprecation for yarn.nodemanager.remote-app-log-dir
Handling deprecation for mapreduce.task.profile.maps
Handling deprecation for mapreduce.shuffle.ssl.file.buffer.size
Handling deprecation for mapreduce.tasktracker.healthchecker.script.timeout
Handling deprecation for yarn.timeline-service.webapp.https.address
Handling deprecation for yarn.app.mapreduce.am.command-opts
Handling deprecation for dfs.namenode.fs-limits.max-xattr-size
Handling deprecation for dfs.datanode.http.address
Handling deprecation for hadoop.jetty.logs.serve.aliases
Handling deprecation for yarn.client.failover-proxy-provider
Handling deprecation for mapreduce.jobhistory.admin.acl
Handling deprecation for yarn.nodemanager.remote-app-log-dir-suffix
Handling deprecation for mapreduce.jobhistory.principal
Handling deprecation for yarn.resourcemanager.webapp.address
Handling deprecation for mapreduce.jobhistory.recovery.enable
Handling deprecation for nfs.mountd.port
Handling deprecation for mapreduce.reduce.merge.inmem.threshold
Handling deprecation for fs.df.interval
Handling deprecation for yarn.timeline-service.enabled
Handling deprecation for yarn.timeline-service.generic-application-history.fs-history-store.uri
Handling deprecation for mapreduce.jobtracker.jobhistory.lru.cache.size
Handling deprecation for mapreduce.task.profile
Handling deprecation for mapreduce.job.output.key.class
Handling deprecation for yarn.nodemanager.hostname
Handling deprecation for dfs.namenode.num.checkpoints.retained
Handling deprecation for mapreduce.job.queuename
Handling deprecation for mapreduce.jobhistory.max-age-ms
Handling deprecation for mapreduce.job.token.tracking.ids.enabled
Handling deprecation for yarn.nodemanager.localizer.client.thread-count
Handling deprecation for dfs.https.enable
Handling deprecation for dfs.client.mmap.retry.timeout.ms
Handling deprecation for mapreduce.jobhistory.move.thread-count
Handling deprecation for dfs.permissions.enabled
Handling deprecation for dfs.blockreport.split.threshold
Handling deprecation for fs.AbstractFileSystem.hdfs.impl
Handling deprecation for dfs.datanode.balance.bandwidthPerSec
Handling deprecation for hadoop.http.filter.initializers
Handling deprecation for dfs.default.chunk.view.size
Handling deprecation for yarn.resourcemanager.resource-tracker.address
Handling deprecation for mapreduce.job.working.dir
Handling deprecation for mapreduce.jobhistory.datestring.cache.size
Handling deprecation for mapreduce.task.profile.params
Handling deprecation for dfs.namenode.handler.count
Handling deprecation for dfs.image.transfer.bandwidthPerSec
Handling deprecation for rpc.metrics.quantile.enable
Handling deprecation for mapreduce.jobtracker.expire.trackers.interval
Handling deprecation for mapreduce.task.timeout
Handling deprecation for yarn.app.mapreduce.client.max-retries
Handling deprecation for yarn.nodemanager.resource.memory-mb
Handling deprecation for yarn.nodemanager.disk-health-checker.min-healthy-disks
Handling deprecation for dfs.datanode.failed.volumes.tolerated
Handling deprecation for yarn.timeline-service.handler-thread-count
Handling deprecation for ipc.server.listen.queue.size
Handling deprecation for yarn.resourcemanager.connect.max-wait.ms
Handling deprecation for mapreduce.framework.name
Handling deprecation for mapreduce.map.skip.proc.count.autoincr
Handling deprecation for yarn.resourcemanager.history-writer.multi-threaded-dispatcher.pool-size
Handling deprecation for mapreduce.job.max.split.locations
Handling deprecation for yarn.resourcemanager.scheduler.class
Handling deprecation for dfs.blocksize
Handling deprecation for mapreduce.shuffle.connection-keep-alive.enable
Handling deprecation for yarn.timeline-service.generic-application-history.enabled
Handling deprecation for file.client-write-packet-size
Handling deprecation for ha.failover-controller.cli-check.rpc-timeout.ms
Handling deprecation for ha.zookeeper.acl
Handling deprecation for dfs.namenode.write.stale.datanode.ratio
Handling deprecation for dfs.encrypt.data.transfer
Handling deprecation for yarn.timeline-service.generic-application-history.store-class
Handling deprecation for dfs.datanode.shared.file.descriptor.paths
Handling deprecation for yarn.resourcemanager.delayed.delegation-token.removal-interval-ms
Handling deprecation for yarn.nodemanager.localizer.fetch.thread-count
Handling deprecation for dfs.client.failover.max.attempts
Handling deprecation for yarn.resourcemanager.scheduler.address
Handling deprecation for dfs.client.read.shortcircuit.streams.cache.expiry.ms
Handling deprecation for yarn.ipc.serializer.type
Handling deprecation for yarn.timeline-service.leveldb-timeline-store.start-time-write-cache-size
Handling deprecation for yarn.nodemanager.health-checker.script.timeout-ms
Handling deprecation for hadoop.ssl.require.client.cert
Handling deprecation for hadoop.security.uid.cache.secs
Handling deprecation for mapreduce.jobhistory.keytab
Handling deprecation for dfs.client.read.shortcircuit.skip.checksum
Handling deprecation for yarn.resourcemanager.ha.automatic-failover.zk-base-path
Handling deprecation for mapreduce.shuffle.ssl.enabled
Handling deprecation for mapreduce.reduce.log.level
Handling deprecation for dfs.namenode.logging.level
Handling deprecation for mapreduce.tasktracker.dns.interface
Handling deprecation for dfs.datanode.use.datanode.hostname
Handling deprecation for dfs.client.context
Handling deprecation for yarn.resourcemanager.ha.enabled
Handling deprecation for mapred.reducer.new-api
Handling deprecation for dfs.namenode.delegation.token.renew-interval
Handling deprecation for ipc.client.tcpnodelay
Handling deprecation for dfs.blockreport.intervalMsec
Handling deprecation for mapreduce.reduce.shuffle.memory.limit.percent
Handling deprecation for dfs.https.server.keystore.resource
Handling deprecation for io.map.index.skip
Handling deprecation for mapreduce.job.hdfs-servers
Handling deprecation for mapreduce.jobtracker.taskscheduler
Handling deprecation for dfs.namenode.kerberos.internal.spnego.principal
Handling deprecation for yarn.resourcemanager.state-store.max-completed-applications
Handling deprecation for mapreduce.map.output.compress
Handling deprecation for dfs.namenode.decommission.nodes.per.interval
Handling deprecation for fs.s3n.multipart.uploads.block.size
Handling deprecation for mapreduce.task.merge.progress.records
Handling deprecation for dfs.datanode.dns.interface
Handling deprecation for map.sort.class
Handling deprecation for yarn.nodemanager.aux-services.mapreduce_shuffle.class
Handling deprecation for yarn.nodemanager.resourcemanager.connect.wait.secs
Handling deprecation for tfile.fs.output.buffer.size
Handling deprecation for fs.du.interval
Handling deprecation for dfs.client.failover.connection.retries
Handling deprecation for mapreduce.job.dir
Handling deprecation for mapreduce.reduce.shuffle.retry-delay.max.ms
Handling deprecation for mapreduce.client.progressmonitor.pollinterval
Handling deprecation for dfs.datanode.max.locked.memory
Handling deprecation for dfs.namenode.retrycache.expirytime.millis
Handling deprecation for mapreduce.jobhistory.move.interval-ms
Handling deprecation for dfs.ha.fencing.ssh.connect-timeout
Handling deprecation for dfs.namenode.fs-limits.max-component-length
Handling deprecation for dfs.namenode.enable.retrycache
Handling deprecation for dfs.datanode.du.reserved
Handling deprecation for dfs.datanode.ipc.address
Handling deprecation for dfs.client.block.write.replace-datanode-on-failure.policy
Handling deprecation for dfs.namenode.path.based.cache.retry.interval.ms
Handling deprecation for dfs.ha.tail-edits.period
Handling deprecation for mapreduce.task.profile.reduce.params
Handling deprecation for yarn.resourcemanager.hostname
Handling deprecation for hadoop.security.group.mapping.ldap.search.filter.group
Handling deprecation for hadoop.http.authentication.kerberos.principal
Handling deprecation for hadoop.security.group.mapping.ldap.search.filter.user
Handling deprecation for yarn.nodemanager.disk-health-checker.min-free-space-per-disk-mb
Handling deprecation for dfs.namenode.edits.dir
Handling deprecation for yarn.client.failover-retries-on-socket-timeouts
Handling deprecation for mapreduce.client.completion.pollinterval
Handling deprecation for dfs.namenode.name.dir.restore
Handling deprecation for dfs.namenode.secondary.http-address
Handling deprecation for s3.bytes-per-checksum
Handling deprecation for dfs.support.append
Handling deprecation for yarn.resourcemanager.webapp.https.address
Handling deprecation for yarn.nodemanager.vmem-pmem-ratio
Handling deprecation for dfs.namenode.checkpoint.period
Handling deprecation for dfs.ha.automatic-failover.enabled
file:/tmp/hadoop-Administrator/mapred/local/localRunner/Administrator/job_local2104004351_0001/job_local2104004351_0001.xml:an attempt to override final parameter: mapreduce.job.end-notification.max.retry.interval;  Ignoring.
file:/tmp/hadoop-Administrator/mapred/local/localRunner/Administrator/job_local2104004351_0001/job_local2104004351_0001.xml:an attempt to override final parameter: mapreduce.job.end-notification.max.attempts;  Ignoring.
The url to track the job: http://localhost:8080/
Running job: job_local2104004351_0001
PrivilegedAction as:Administrator (auth:SIMPLE) from:org.apache.hadoop.mapreduce.Job.updateStatus(Job.java:311)
PrivilegedAction as:Administrator (auth:SIMPLE) from:org.apache.hadoop.mapreduce.Job.updateStatus(Job.java:311)
OutputCommitter set in config null
OutputCommitter is org.apache.hadoop.mapreduce.lib.output.FileOutputCommitter
/output/_temporary/0: masked=rwxr-xr-x
IPC Client (949057310) connection to Master.Hadoop/192.168.216.130:9000 from Administrator sending #3
IPC Client (949057310) connection to Master.Hadoop/192.168.216.130:9000 from Administrator got value #3
IPC Client (949057310) connection to Master.Hadoop/192.168.216.130:9000 from Administrator sending #4
IPC Client (949057310) connection to Master.Hadoop/192.168.216.130:9000 from Administrator got value #4
Call: delete took 8ms
job_local2104004351_0001
org.apache.hadoop.security.AccessControlException: Permission denied: user=Administrator, access=WRITE, inode="/":hadoop:supergroup:drwxr-xr-x
	at org.apache.hadoop.hdfs.server.namenode.FSPermissionChecker.checkFsPermission(FSPermissionChecker.java:271)
	at org.apache.hadoop.hdfs.server.namenode.FSPermissionChecker.check(FSPermissionChecker.java:257)
	at org.apache.hadoop.hdfs.server.namenode.FSPermissionChecker.check(FSPermissionChecker.java:238)
	at org.apache.hadoop.hdfs.server.namenode.FSPermissionChecker.checkPermission(FSPermissionChecker.java:179)
	at org.apache.hadoop.hdfs.server.namenode.FSNamesystem.checkPermission(FSNamesystem.java:5904)
	at org.apache.hadoop.hdfs.server.namenode.FSNamesystem.checkPermission(FSNamesystem.java:5886)
	at org.apache.hadoop.hdfs.server.namenode.FSNamesystem.checkAncestorAccess(FSNamesystem.java:5860)
	at org.apache.hadoop.hdfs.server.namenode.FSNamesystem.mkdirsInternal(FSNamesystem.java:3793)
	at org.apache.hadoop.hdfs.server.namenode.FSNamesystem.mkdirsInt(FSNamesystem.java:3763)
	at org.apache.hadoop.hdfs.server.namenode.FSNamesystem.mkdirs(FSNamesystem.java:3737)
	at org.apache.hadoop.hdfs.server.namenode.NameNodeRpcServer.mkdirs(NameNodeRpcServer.java:778)
	at org.apache.hadoop.hdfs.protocolPB.ClientNamenodeProtocolServerSideTranslatorPB.mkdirs(ClientNamenodeProtocolServerSideTranslatorPB.java:573)
	at org.apache.hadoop.hdfs.protocol.proto.ClientNamenodeProtocolProtos$ClientNamenodeProtocol$2.callBlockingMethod(ClientNamenodeProtocolProtos.java)
	at org.apache.hadoop.ipc.ProtobufRpcEngine$Server$ProtoBufRpcInvoker.call(ProtobufRpcEngine.java:585)
	at org.apache.hadoop.ipc.RPC$Server.call(RPC.java:928)
	at org.apache.hadoop.ipc.Server$Handler$1.run(Server.java:2013)
	at org.apache.hadoop.ipc.Server$Handler$1.run(Server.java:2009)
	at java.security.AccessController.doPrivileged(Native Method)
	at javax.security.auth.Subject.doAs(Subject.java:422)
	at org.apache.hadoop.security.UserGroupInformation.doAs(UserGroupInformation.java:1614)
	at org.apache.hadoop.ipc.Server$Handler.run(Server.java:2007)

	at sun.reflect.NativeConstructorAccessorImpl.newInstance0(Native Method)
	at sun.reflect.NativeConstructorAccessorImpl.newInstance(NativeConstructorAccessorImpl.java:62)
	at sun.reflect.DelegatingConstructorAccessorImpl.newInstance(DelegatingConstructorAccessorImpl.java:45)
	at java.lang.reflect.Constructor.newInstance(Constructor.java:408)
	at org.apache.hadoop.ipc.RemoteException.instantiateException(RemoteException.java:106)
	at org.apache.hadoop.ipc.RemoteException.unwrapRemoteException(RemoteException.java:73)
	at org.apache.hadoop.hdfs.DFSClient.primitiveMkdir(DFSClient.java:2589)
	at org.apache.hadoop.hdfs.DFSClient.mkdirs(DFSClient.java:2558)
	at org.apache.hadoop.hdfs.DistributedFileSystem$16.doCall(DistributedFileSystem.java:820)
	at org.apache.hadoop.hdfs.DistributedFileSystem$16.doCall(DistributedFileSystem.java:816)
	at org.apache.hadoop.fs.FileSystemLinkResolver.resolve(FileSystemLinkResolver.java:81)
	at org.apache.hadoop.hdfs.DistributedFileSystem.mkdirsInternal(DistributedFileSystem.java:816)
	at org.apache.hadoop.hdfs.DistributedFileSystem.mkdirs(DistributedFileSystem.java:809)
	at org.apache.hadoop.fs.FileSystem.mkdirs(FileSystem.java:1815)
	at org.apache.hadoop.mapreduce.lib.output.FileOutputCommitter.setupJob(FileOutputCommitter.java:291)
	at org.apache.hadoop.mapred.LocalJobRunner$Job.run(LocalJobRunner.java:511)
Caused by: org.apache.hadoop.ipc.RemoteException(org.apache.hadoop.security.AccessControlException): Permission denied: user=Administrator, access=WRITE, inode="/":hadoop:supergroup:drwxr-xr-x
	at org.apache.hadoop.hdfs.server.namenode.FSPermissionChecker.checkFsPermission(FSPermissionChecker.java:271)
	at org.apache.hadoop.hdfs.server.namenode.FSPermissionChecker.check(FSPermissionChecker.java:257)
	at org.apache.hadoop.hdfs.server.namenode.FSPermissionChecker.check(FSPermissionChecker.java:238)
	at org.apache.hadoop.hdfs.server.namenode.FSPermissionChecker.checkPermission(FSPermissionChecker.java:179)
	at org.apache.hadoop.hdfs.server.namenode.FSNamesystem.checkPermission(FSNamesystem.java:5904)
	at org.apache.hadoop.hdfs.server.namenode.FSNamesystem.checkPermission(FSNamesystem.java:5886)
	at org.apache.hadoop.hdfs.server.namenode.FSNamesystem.checkAncestorAccess(FSNamesystem.java:5860)
	at org.apache.hadoop.hdfs.server.namenode.FSNamesystem.mkdirsInternal(FSNamesystem.java:3793)
	at org.apache.hadoop.hdfs.server.namenode.FSNamesystem.mkdirsInt(FSNamesystem.java:3763)
	at org.apache.hadoop.hdfs.server.namenode.FSNamesystem.mkdirs(FSNamesystem.java:3737)
	at org.apache.hadoop.hdfs.server.namenode.NameNodeRpcServer.mkdirs(NameNodeRpcServer.java:778)
	at org.apache.hadoop.hdfs.protocolPB.ClientNamenodeProtocolServerSideTranslatorPB.mkdirs(ClientNamenodeProtocolServerSideTranslatorPB.java:573)
	at org.apache.hadoop.hdfs.protocol.proto.ClientNamenodeProtocolProtos$ClientNamenodeProtocol$2.callBlockingMethod(ClientNamenodeProtocolProtos.java)
	at org.apache.hadoop.ipc.ProtobufRpcEngine$Server$ProtoBufRpcInvoker.call(ProtobufRpcEngine.java:585)
	at org.apache.hadoop.ipc.RPC$Server.call(RPC.java:928)
	at org.apache.hadoop.ipc.Server$Handler$1.run(Server.java:2013)
	at org.apache.hadoop.ipc.Server$Handler$1.run(Server.java:2009)
	at java.security.AccessController.doPrivileged(Native Method)
	at javax.security.auth.Subject.doAs(Subject.java:422)
	at org.apache.hadoop.security.UserGroupInformation.doAs(UserGroupInformation.java:1614)
	at org.apache.hadoop.ipc.Server$Handler.run(Server.java:2007)

	at org.apache.hadoop.ipc.Client.call(Client.java:1411)
	at org.apache.hadoop.ipc.Client.call(Client.java:1364)
	at org.apache.hadoop.ipc.ProtobufRpcEngine$Invoker.invoke(ProtobufRpcEngine.java:206)
	at com.sun.proxy.$Proxy9.mkdirs(Unknown Source)
	at sun.reflect.NativeMethodAccessorImpl.invoke0(Native Method)
	at sun.reflect.NativeMethodAccessorImpl.invoke(NativeMethodAccessorImpl.java:62)
	at sun.reflect.DelegatingMethodAccessorImpl.invoke(DelegatingMethodAccessorImpl.java:43)
	at java.lang.reflect.Method.invoke(Method.java:483)
	at org.apache.hadoop.io.retry.RetryInvocationHandler.invokeMethod(RetryInvocationHandler.java:187)
	at org.apache.hadoop.io.retry.RetryInvocationHandler.invoke(RetryInvocationHandler.java:102)
	at com.sun.proxy.$Proxy9.mkdirs(Unknown Source)
	at org.apache.hadoop.hdfs.protocolPB.ClientNamenodeProtocolTranslatorPB.mkdirs(ClientNamenodeProtocolTranslatorPB.java:508)
	at org.apache.hadoop.hdfs.DFSClient.primitiveMkdir(DFSClient.java:2587)
	... 9 more
PrivilegedAction as:Administrator (auth:SIMPLE) from:org.apache.hadoop.fs.FileContext.getAbstractFileSystem(FileContext.java:330)
PrivilegedAction as:Administrator (auth:SIMPLE) from:org.apache.hadoop.mapreduce.Job.updateStatus(Job.java:311)
Job job_local2104004351_0001 running in uber mode : false
 map 0% reduce 0%
PrivilegedAction as:Administrator (auth:SIMPLE) from:org.apache.hadoop.mapreduce.Job.getTaskCompletionEvents(Job.java:665)
PrivilegedAction as:Administrator (auth:SIMPLE) from:org.apache.hadoop.mapreduce.Job.updateStatus(Job.java:311)
PrivilegedAction as:Administrator (auth:SIMPLE) from:org.apache.hadoop.mapreduce.Job.updateStatus(Job.java:311)
PrivilegedAction as:Administrator (auth:SIMPLE) from:org.apache.hadoop.mapreduce.Job.getTaskCompletionEvents(Job.java:665)
PrivilegedAction as:Administrator (auth:SIMPLE) from:org.apache.hadoop.mapreduce.Job.updateStatus(Job.java:311)
PrivilegedAction as:Administrator (auth:SIMPLE) from:org.apache.hadoop.mapreduce.Job.updateStatus(Job.java:311)
Job job_local2104004351_0001 failed with state FAILED due to: NA
PrivilegedAction as:Administrator (auth:SIMPLE) from:org.apache.hadoop.mapreduce.Job.getCounters(Job.java:753)
Counters: 0
PrivilegedAction as:Administrator (auth:SIMPLE) from:org.apache.hadoop.mapreduce.Job.updateStatus(Job.java:311)
stopping client from cache: org.apache.hadoop.ipc.Client@3c0a50da
removing client from cache: org.apache.hadoop.ipc.Client@3c0a50da
stopping actual client because no more references remain: org.apache.hadoop.ipc.Client@3c0a50da
Stopping client
IPC Client (949057310) connection to Master.Hadoop/192.168.216.130:9000 from Administrator: closed
IPC Client (949057310) connection to Master.Hadoop/192.168.216.130:9000 from Administrator: stopped, remaining connections 0
